Trained ANN Loaded...
@C4Running with Test Data File...
Data No : Calculated Outputs : Desired Outputs 
00000001 0.0434 0.0057 -0.0157 0.9260 0.8898 0.8385 0.0000 0.0000 0.0000 1.0000 1.0000 1.0000 
00000002 0.0318 -0.0054 -0.0249 0.9304 0.8951 0.8442 0.0000 0.0000 0.0000 1.0000 1.0000 1.0000 
00000003 -0.0130 -0.0502 -0.0568 0.9485 0.9172 0.8686 0.0000 0.0000 0.0000 1.0000 1.0000 1.0000 
00000004 -0.0018 -0.0381 -0.0493 0.9434 0.9110 0.8617 0.0000 0.0000 0.0000 1.0000 1.0000 1.0000 
00000005 0.0330 -0.0036 -0.0250 0.9285 0.8932 0.8421 0.0000 0.0000 0.0000 1.0000 1.0000 1.0000 
00000006 -0.0038 -0.0405 -0.0508 0.9441 0.9119 0.8630 0.0000 0.0000 0.0000 1.0000 1.0000 1.0000 
00000007 -0.0077 -0.0445 -0.0533 0.9458 0.9139 0.8652 0.0000 0.0000 0.0000 1.0000 1.0000 1.0000 
00000008 0.0233 -0.0140 -0.0305 0.9332 0.8984 0.8483 0.0000 0.0000 0.0000 1.0000 1.0000 1.0000 
00000009 0.0553 0.0180 -0.0070 0.9186 0.8813 0.8296 0.0000 0.0000 0.0000 1.0000 1.0000 1.0000 
00000010 0.0206 -0.0157 -0.0329 0.9339 0.8991 0.8494 0.0000 0.0000 0.0000 1.0000 1.0000 1.0000 
00000011 0.0692 0.0310 0.0046 0.9137 0.8754 0.8233 0.0000 0.0000 0.0000 1.0000 1.0000 1.0000 
00000012 0.0834 0.0455 0.0143 0.9062 0.8670 0.8143 0.0000 0.0000 0.0000 1.0000 1.0000 1.0000 
00000013 0.0797 0.0424 0.0129 0.9082 0.8695 0.8170 0.0000 0.0000 0.0000 1.0000 1.0000 1.0000 
00000014 0.0783 0.0414 0.0114 0.9087 0.8701 0.8177 0.0000 0.0000 0.0000 1.0000 1.0000 1.0000 
00000015 0.0909 0.0551 0.0184 0.9011 0.8614 0.8088 0.0000 0.0000 0.0000 1.0000 1.0000 1.0000 
00000016 0.0528 0.0178 -0.0112 0.9190 0.8822 0.8306 0.0000 0.0000 0.0000 1.0000 1.0000 1.0000 
00000017 -0.0001 -0.0348 -0.0480 0.9424 0.9100 0.8612 0.0000 0.0000 0.0000 1.0000 1.0000 1.0000 
00000018 -0.0216 -0.0569 -0.0617 0.9512 0.9213 0.8733 0.0000 0.0000 0.0000 1.0000 1.0000 1.0000 
00000019 -0.0240 -0.0588 -0.0627 0.9516 0.9221 0.8741 0.0000 0.0000 0.0000 1.0000 1.0000 1.0000 
00000020 -0.0018 -0.0350 -0.0493 0.9420 0.9102 0.8610 0.0000 0.0000 0.0000 1.0000 1.0000 1.0000 
00000021 -0.0155 -0.0513 -0.0544 0.9496 0.9194 0.8713 0.0000 0.0000 0.0000 1.0000 1.0000 1.0000 
00000022 0.0149 -0.0190 -0.0375 0.9351 0.9017 0.8516 0.0000 0.0000 0.0000 1.0000 1.0000 1.0000 
00000023 0.0209 -0.0117 -0.0336 0.9320 0.8978 0.8477 0.0000 0.0000 0.0000 1.0000 1.0000 1.0000 
00000024 0.0098 -0.0233 -0.0410 0.9374 0.9043 0.8549 0.0000 0.0000 0.0000 1.0000 1.0000 1.0000 
00000025 -0.0037 -0.0379 -0.0492 0.9436 0.9119 0.8631 0.0000 0.0000 0.0000 1.0000 1.0000 1.0000 
00000026 0.1126 0.0764 0.0369 0.8909 0.8500 0.7964 0.0000 0.0000 0.0000 1.0000 1.0000 1.0000 
00000027 0.2473 0.2062 0.1506 0.8170 0.7691 0.7123 0.0000 0.0000 0.0000 1.0000 1.0000 1.0000 
00000028 0.3011 0.2579 0.1977 0.7822 0.7327 0.6748 0.0000 0.0000 0.0000 1.0000 1.0000 1.0000 
00000029 0.4297 0.3824 0.3126 0.6858 0.6336 0.5759 0.0000 0.0000 0.0000 1.0000 1.0000 1.0000 
00000030 0.5798 0.5298 0.4544 0.5478 0.4959 0.4415 0.0000 0.0000 0.0000 1.0000 1.0000 1.0000 
00000031 0.7573 0.7066 0.6363 0.3360 0.2911 0.2439 0.0000 0.0000 0.0000 1.0000 1.0000 0.0000 
00000032 0.8160 0.7668 0.7036 0.2498 0.2099 0.1653 1.0000 1.0000 0.0000 0.0000 0.0000 0.0000 
00000033 0.8281 0.7793 0.7188 0.2325 0.1928 0.1495 1.0000 1.0000 0.0000 0.0000 0.0000 0.0000 
00000034 0.6081 0.5565 0.4849 0.5220 0.4702 0.4171 0.0000 0.0000 0.0000 0.0000 0.0000 0.0000 
00000035 0.6024 0.5500 0.4793 0.5293 0.4776 0.4236 1.0000 0.0000 0.0000 0.0000 0.0000 0.0000 
00000036 0.6945 0.6417 0.5730 0.4249 0.3763 0.3252 1.0000 1.0000 0.0000 0.0000 0.0000 0.0000 
00000037 0.7930 0.7420 0.6810 0.2921 0.2495 0.2031 1.0000 1.0000 1.0000 0.0000 0.0000 0.0000 
00000038 0.7512 0.6990 0.6351 0.3534 0.3080 0.2592 1.0000 1.0000 1.0000 0.0000 0.0000 0.0000 
00000039 0.8347 0.7852 0.7271 0.2250 0.1862 0.1425 1.0000 1.0000 1.0000 0.0000 0.0000 0.0000 
00000040 0.8481 0.7999 0.7409 0.1997 0.1612 0.1193 1.0000 1.0000 1.0000 0.0000 0.0000 0.0000 
00000041 0.8433 0.7950 0.7355 0.2079 0.1688 0.1272 1.0000 1.0000 1.0000 0.0000 0.0000 0.0000 
00000042 0.8785 0.8330 0.7781 0.1412 0.1070 0.0685 1.0000 1.0000 1.0000 0.0000 0.0000 0.0000 
00000043 0.5853 0.5345 0.4602 0.5455 0.4928 0.4390 0.0000 0.0000 0.0000 0.0000 0.0000 0.0000 
00000044 0.3175 0.2713 0.2166 0.7769 0.7269 0.6687 0.0000 0.0000 0.0000 1.0000 1.0000 0.0000 
00000045 0.1886 0.1451 0.1067 0.8577 0.8129 0.7567 0.0000 0.0000 0.0000 1.0000 1.0000 1.0000 
00000046 0.3436 0.2953 0.2406 0.7589 0.7085 0.6494 0.0000 0.0000 0.0000 1.0000 1.0000 0.0000 
00000047 0.5057 0.4542 0.3887 0.6268 0.5745 0.5163 0.0000 0.0000 0.0000 1.0000 0.0000 0.0000 
00000048 0.6097 0.5572 0.4853 0.5209 0.4690 0.4140 0.0000 0.0000 0.0000 0.0000 0.0000 0.0000 
00000049 0.3973 0.3488 0.2831 0.7146 0.6625 0.6037 0.0000 0.0000 0.0000 1.0000 1.0000 0.0000 
00000050 0.3813 0.3337 0.2684 0.7259 0.6738 0.6153 0.0000 0.0000 0.0000 1.0000 1.0000 0.0000 
00000051 0.4139 0.3663 0.2955 0.6981 0.6450 0.5877 0.0000 0.0000 0.0000 1.0000 0.0000 0.0000 
00000052 0.3610 0.3158 0.2468 0.7377 0.6858 0.6285 0.0000 0.0000 0.0000 0.0000 0.0000 0.0000 
00000053 0.3958 0.3493 0.2815 0.7127 0.6607 0.6033 0.0000 0.0000 0.0000 0.0000 0.0000 0.0000 
00000054 0.3882 0.3392 0.2819 0.7248 0.6733 0.6149 0.0000 0.0000 0.0000 1.0000 0.0000 0.0000 
00000055 0.3817 0.3307 0.2799 0.7339 0.6832 0.6232 0.0000 0.0000 0.0000 1.0000 1.0000 0.0000 
00000056 0.4415 0.3889 0.3328 0.6854 0.6336 0.5740 0.0000 0.0000 0.0000 1.0000 0.0000 0.0000 
00000057 0.4975 0.4437 0.3827 0.6367 0.5842 0.5258 0.0000 0.0000 0.0000 1.0000 1.0000 0.0000 
00000058 0.3982 0.3489 0.2847 0.7146 0.6624 0.6041 0.0000 0.0000 0.0000 1.0000 0.0000 0.0000 
00000059 0.2837 0.2392 0.1815 0.7950 0.7456 0.6880 0.0000 0.0000 0.0000 1.0000 1.0000 0.0000 
00000060 0.2194 0.1796 0.1248 0.8326 0.7857 0.7296 0.0000 0.0000 0.0000 1.0000 1.0000 0.0000 
00000061 0.2654 0.2261 0.1625 0.8014 0.7526 0.6965 0.0000 0.0000 0.0000 0.0000 0.0000 0.0000 
00000062 0.1533 0.1173 0.0683 0.8685 0.8250 0.7704 0.0000 0.0000 0.0000 1.0000 0.0000 0.0000 
00000063 0.2267 0.1879 0.1299 0.8271 0.7803 0.7237 0.0000 0.0000 0.0000 0.0000 0.0000 0.0000 
00000064 0.2338 0.1928 0.1400 0.8261 0.7794 0.7220 0.0000 0.0000 0.0000 1.0000 1.0000 0.0000 
00000065 0.3179 0.2734 0.2151 0.7724 0.7236 0.6645 0.0000 0.0000 0.0000 1.0000 1.0000 1.0000 
00000066 0.3083 0.2648 0.2067 0.7782 0.7295 0.6706 0.0000 0.0000 0.0000 1.0000 1.0000 1.0000 
00000067 0.2723 0.2322 0.1689 0.7977 0.7487 0.6920 0.0000 0.0000 0.0000 1.0000 1.0000 1.0000 
00000068 0.3709 0.3297 0.2501 0.7227 0.6702 0.6142 0.0000 0.0000 0.0000 1.0000 1.0000 0.0000 
00000069 0.2803 0.2432 0.1695 0.7870 0.7367 0.6811 0.0000 0.0000 0.0000 1.0000 0.0000 0.0000 
00000070 0.3791 0.3391 0.2583 0.7160 0.6636 0.6077 0.0000 0.0000 0.0000 0.0000 0.0000 0.0000 
00000071 0.4104 0.3685 0.2921 0.6953 0.6438 0.5871 0.0000 0.0000 0.0000 1.0000 0.0000 0.0000 
00000072 0.3954 0.3505 0.2819 0.7123 0.6615 0.6042 0.0000 0.0000 0.0000 1.0000 1.0000 1.0000 
00000073 0.6759 0.6233 0.5531 0.4460 0.3976 0.3459 0.0000 0.0000 0.0000 1.0000 1.0000 0.0000 
00000074 0.8286 0.7783 0.7200 0.2355 0.1955 0.1516 0.0000 0.0000 0.0000 1.0000 1.0000 0.0000 
00000075 0.8815 0.8349 0.7842 0.1408 0.1061 0.0665 0.0000 0.0000 0.0000 1.0000 0.0000 0.0000 
00000076 0.8685 0.8220 0.7682 0.1641 0.1283 0.0878 0.0000 0.0000 0.0000 1.0000 1.0000 0.0000 
00000077 0.6734 0.6212 0.5495 0.4496 0.3992 0.3482 0.0000 0.0000 0.0000 1.0000 1.0000 1.0000 
00000078 0.5913 0.5389 0.4688 0.5428 0.4908 0.4359 1.0000 1.0000 0.0000 1.0000 0.0000 0.0000 
00000079 0.7145 0.6613 0.5943 0.4014 0.3534 0.3033 1.0000 1.0000 1.0000 0.0000 0.0000 0.0000 
00000080 0.7968 0.7453 0.6837 0.2865 0.2440 0.1977 1.0000 1.0000 1.0000 0.0000 0.0000 0.0000 
00000081 0.8520 0.8042 0.7477 0.1940 0.1570 0.1147 1.0000 1.0000 1.0000 0.0000 0.0000 0.0000 
00000082 0.8272 0.7776 0.7175 0.2366 0.1959 0.1528 1.0000 1.0000 1.0000 0.0000 0.0000 0.0000 
00000083 0.6985 0.6451 0.5766 0.4215 0.3720 0.3213 1.0000 1.0000 1.0000 0.0000 0.0000 0.0000 
00000084 0.6389 0.5858 0.5155 0.4917 0.4399 0.3867 1.0000 0.0000 0.0000 0.0000 0.0000 0.0000 
00000085 0.6192 0.5652 0.4980 0.5151 0.4638 0.4089 1.0000 0.0000 0.0000 0.0000 0.0000 0.0000 
00000086 0.6559 0.6020 0.5359 0.4749 0.4249 0.3713 1.0000 1.0000 0.0000 0.0000 0.0000 0.0000 
00000087 0.7143 0.6600 0.5968 0.4047 0.3573 0.3058 1.0000 1.0000 0.0000 0.0000 0.0000 0.0000 
00000088 0.7307 0.6764 0.6132 0.3829 0.3356 0.2849 1.0000 1.0000 1.0000 0.0000 0.0000 0.0000 
00000089 0.6735 0.6196 0.5519 0.4526 0.4019 0.3493 1.0000 1.0000 0.0000 0.0000 0.0000 0.0000 
00000090 0.6004 0.5474 0.4758 0.5314 0.4787 0.4239 1.0000 0.0000 0.0000 0.0000 0.0000 0.0000 
00000091 0.5124 0.4610 0.3905 0.6179 0.5647 0.5078 1.0000 0.0000 0.0000 0.0000 0.0000 0.0000 
00000092 0.4893 0.4371 0.3716 0.6416 0.5893 0.5311 1.0000 0.0000 0.0000 0.0000 0.0000 0.0000 
00000093 0.4843 0.4318 0.3697 0.6478 0.5958 0.5372 1.0000 0.0000 0.0000 0.0000 0.0000 0.0000 
00000094 0.3276 0.2799 0.2275 0.7705 0.7205 0.6617 0.0000 0.0000 0.0000 0.0000 0.0000 0.0000 
00000095 0.2894 0.2436 0.1901 0.7938 0.7445 0.6864 0.0000 0.0000 0.0000 1.0000 1.0000 0.0000 
00000096 0.2698 0.2260 0.1704 0.8045 0.7553 0.6978 0.0000 0.0000 0.0000 1.0000 1.0000 0.0000 
00000097 0.2627 0.2192 0.1640 0.8088 0.7603 0.7024 0.0000 0.0000 0.0000 1.0000 1.0000 0.0000 
00000098 0.2351 0.1922 0.1426 0.8269 0.7802 0.7224 0.0000 0.0000 0.0000 1.0000 0.0000 0.0000 
00000099 0.1974 0.1555 0.1111 0.8494 0.8045 0.7474 0.0000 0.0000 0.0000 1.0000 1.0000 0.0000 
00000100 0.1652 0.1249 0.0820 0.8659 0.8223 0.7665 0.0000 0.0000 0.0000 1.0000 1.0000 0.0000 
00000101 0.2371 0.1966 0.1389 0.8212 0.7733 0.7170 0.0000 0.0000 0.0000 1.0000 1.0000 0.0000 
00000102 0.3170 0.2755 0.2046 0.7654 0.7142 0.6575 0.0000 0.0000 0.0000 1.0000 1.0000 0.0000 
00000103 0.1750 0.1372 0.0870 0.8576 0.8128 0.7573 0.0000 0.0000 0.0000 1.0000 1.0000 0.0000 
00000104 0.3931 0.3492 0.2782 0.7117 0.6605 0.6027 0.0000 0.0000 0.0000 0.0000 0.0000 0.0000 
00000105 0.5114 0.4638 0.3898 0.6117 0.5608 0.5039 1.0000 0.0000 0.0000 0.0000 0.0000 0.0000 
00000106 0.5852 0.5346 0.4632 0.5438 0.4933 0.4381 1.0000 1.0000 0.0000 0.0000 0.0000 0.0000 
00000107 0.5666 0.5159 0.4427 0.5625 0.5100 0.4554 0.0000 0.0000 0.0000 1.0000 0.0000 0.0000 
00000108 0.6048 0.5549 0.4768 0.5194 0.4670 0.4147 0.0000 0.0000 0.0000 1.0000 0.0000 0.0000 
00000109 0.3731 0.3294 0.2572 0.7274 0.6749 0.6184 0.0000 0.0000 0.0000 1.0000 1.0000 1.0000 
00000110 0.3310 0.2888 0.2223 0.7596 0.7091 0.6519 0.0000 0.0000 0.0000 1.0000 1.0000 1.0000 
00000111 0.3197 0.2779 0.2138 0.7681 0.7184 0.6611 0.0000 0.0000 0.0000 1.0000 1.0000 0.0000 
00000112 0.4056 0.3603 0.2909 0.7051 0.6538 0.5964 0.0000 0.0000 0.0000 0.0000 0.0000 0.0000 
00000113 0.5714 0.5225 0.4440 0.5551 0.5028 0.4485 1.0000 0.0000 0.0000 0.0000 0.0000 0.0000 
00000114 0.5828 0.5330 0.4554 0.5445 0.4920 0.4379 0.0000 0.0000 0.0000 1.0000 1.0000 0.0000 
00000115 0.4859 0.4390 0.3611 0.6355 0.5821 0.5261 0.0000 0.0000 0.0000 1.0000 1.0000 1.0000 
00000116 0.3914 0.3472 0.2753 0.7147 0.6624 0.6053 0.0000 0.0000 0.0000 1.0000 1.0000 1.0000 
00000117 0.3645 0.3206 0.2515 0.7356 0.6842 0.6268 0.0000 0.0000 0.0000 1.0000 1.0000 1.0000 
00000118 0.4170 0.3713 0.2989 0.6945 0.6422 0.5849 0.0000 0.0000 0.0000 1.0000 0.0000 0.0000 
00000119 0.4390 0.3921 0.3212 0.6779 0.6250 0.5679 0.0000 0.0000 0.0000 1.0000 0.0000 0.0000 
00000120 0.5580 0.5074 0.4350 0.5721 0.5195 0.4640 0.0000 0.0000 0.0000 0.0000 0.0000 0.0000 
00000121 0.6442 0.5917 0.5202 0.4824 0.4316 0.3785 0.0000 0.0000 0.0000 1.0000 0.0000 0.0000 
00000122 0.6400 0.5868 0.5155 0.4875 0.4368 0.3832 0.0000 0.0000 0.0000 1.0000 1.0000 0.0000 
00000123 0.6407 0.5868 0.5197 0.4904 0.4398 0.3859 0.0000 0.0000 0.0000 1.0000 0.0000 0.0000 
00000124 0.6616 0.6068 0.5400 0.4673 0.4170 0.3641 0.0000 0.0000 0.0000 1.0000 0.0000 0.0000 
00000125 0.6513 0.5969 0.5289 0.4781 0.4274 0.3743 1.0000 0.0000 0.0000 0.0000 0.0000 0.0000 
00000126 0.7825 0.7301 0.6671 0.3076 0.2634 0.2166 1.0000 1.0000 0.0000 0.0000 0.0000 0.0000 
00000127 0.7940 0.7423 0.6804 0.2893 0.2461 0.2005 1.0000 1.0000 1.0000 0.0000 0.0000 0.0000 
00000128 0.8238 0.7729 0.7149 0.2444 0.2042 0.1590 1.0000 1.0000 1.0000 0.0000 0.0000 0.0000 
00000129 0.8647 0.8160 0.7655 0.1769 0.1410 0.0982 1.0000 1.0000 1.0000 0.0000 0.0000 0.0000 
00000130 0.8122 0.7604 0.7036 0.2666 0.2254 0.1790 1.0000 1.0000 1.0000 0.0000 0.0000 0.0000 
00000131 0.7683 0.7150 0.6528 0.3305 0.2858 0.2374 1.0000 1.0000 1.0000 0.0000 0.0000 0.0000 
00000132 0.6089 0.5558 0.4872 0.5248 0.4730 0.4185 1.0000 1.0000 1.0000 0.0000 0.0000 0.0000 
00000133 0.5714 0.5198 0.4486 0.5616 0.5089 0.4538 1.0000 1.0000 0.0000 0.0000 0.0000 0.0000 
00000134 0.3327 0.2884 0.2249 0.7612 0.7101 0.6526 1.0000 0.0000 0.0000 0.0000 0.0000 0.0000 
00000135 0.3074 0.2634 0.2035 0.7793 0.7293 0.6716 1.0000 0.0000 0.0000 0.0000 0.0000 0.0000 
00000136 0.2362 0.1944 0.1427 0.8260 0.7788 0.7217 0.0000 0.0000 0.0000 1.0000 0.0000 0.0000 
00000137 0.1892 0.1482 0.1027 0.8539 0.8090 0.7526 0.0000 0.0000 0.0000 1.0000 1.0000 0.0000 
00000138 0.1849 0.1440 0.0978 0.8557 0.8108 0.7545 0.0000 0.0000 0.0000 1.0000 1.0000 1.0000 
00000139 0.2836 0.2400 0.1807 0.7943 0.7450 0.6872 0.0000 0.0000 0.0000 1.0000 1.0000 1.0000 
00000140 0.1836 0.1439 0.0945 0.8545 0.8093 0.7533 0.0000 0.0000 0.0000 1.0000 1.0000 1.0000 
00000141 0.1943 0.1548 0.1044 0.8482 0.8026 0.7463 0.0000 0.0000 0.0000 1.0000 1.0000 1.0000 
00000142 0.1399 0.1018 0.0597 0.8782 0.8354 0.7807 0.0000 0.0000 0.0000 1.0000 1.0000 1.0000 
00000143 0.1049 0.0667 0.0319 0.8966 0.8560 0.8022 0.0000 0.0000 0.0000 1.0000 1.0000 1.0000 
00000144 0.1138 0.0743 0.0410 0.8932 0.8523 0.7980 0.0000 0.0000 0.0000 1.0000 1.0000 1.0000 
00000145 0.1963 0.1540 0.1102 0.8498 0.8048 0.7479 0.0000 0.0000 0.0000 1.0000 1.0000 1.0000 
00000146 0.1630 0.1216 0.0823 0.8686 0.8250 0.7692 0.0000 0.0000 0.0000 1.0000 1.0000 1.0000 
00000147 0.1729 0.1316 0.0890 0.8625 0.8182 0.7623 0.0000 0.0000 0.0000 1.0000 1.0000 1.0000 
00000148 0.1691 0.1286 0.0843 0.8635 0.8192 0.7636 0.0000 0.0000 0.0000 1.0000 1.0000 1.0000 
00000149 0.1879 0.1477 0.0985 0.8520 0.8064 0.7508 0.0000 0.0000 0.0000 1.0000 1.0000 1.0000 
00000150 0.1994 0.1602 0.1076 0.8441 0.7981 0.7421 0.0000 0.0000 0.0000 1.0000 1.0000 1.0000 
00000151 0.2650 0.2230 0.1650 0.8051 0.7569 0.6996 0.0000 0.0000 0.0000 1.0000 1.0000 0.0000 
00000152 0.2896 0.2472 0.1863 0.7887 0.7399 0.6821 0.0000 0.0000 0.0000 1.0000 1.0000 0.0000 
00000153 0.3559 0.3112 0.2460 0.7425 0.6918 0.6338 0.0000 0.0000 0.0000 1.0000 1.0000 0.0000 
00000154 0.3833 0.3380 0.2702 0.7219 0.6704 0.6126 0.0000 0.0000 0.0000 1.0000 1.0000 0.0000 
00000155 0.3522 0.3087 0.2405 0.7437 0.6926 0.6350 0.0000 0.0000 0.0000 1.0000 1.0000 1.0000 
00000156 0.2935 0.2536 0.1874 0.7827 0.7333 0.6763 0.0000 0.0000 0.0000 1.0000 1.0000 0.0000 
00000157 0.3973 0.3553 0.2775 0.7043 0.6523 0.5958 0.0000 0.0000 0.0000 0.0000 0.0000 0.0000 
00000158 0.1630 0.1260 0.0772 0.8642 0.8202 0.7651 0.0000 0.0000 0.0000 1.0000 1.0000 0.0000 
00000159 0.1246 0.0885 0.0462 0.8849 0.8432 0.7891 0.0000 0.0000 0.0000 1.0000 1.0000 1.0000 
00000160 0.2079 0.1700 0.1140 0.8383 0.7920 0.7363 0.0000 0.0000 0.0000 1.0000 1.0000 1.0000 
00000161 0.1616 0.1244 0.0752 0.8654 0.8214 0.7665 0.0000 0.0000 0.0000 1.0000 1.0000 1.0000 
00000162 0.2660 0.2260 0.1635 0.8027 0.7543 0.6972 0.0000 0.0000 0.0000 1.0000 1.0000 1.0000 
00000163 0.4242 0.3804 0.3036 0.6857 0.6334 0.5767 0.0000 0.0000 0.0000 1.0000 1.0000 1.0000 
00000164 0.2806 0.2394 0.1776 0.7948 0.7457 0.6886 0.0000 0.0000 0.0000 1.0000 1.0000 1.0000 
00000165 0.2073 0.1671 0.1159 0.8418 0.7957 0.7392 0.0000 0.0000 0.0000 1.0000 1.0000 1.0000 
00000166 0.1250 0.0862 0.0485 0.8874 0.8456 0.7913 0.0000 0.0000 0.0000 1.0000 1.0000 1.0000 
00000167 0.1420 0.1024 0.0633 0.8791 0.8365 0.7815 0.0000 0.0000 0.0000 1.0000 1.0000 1.0000 
00000168 -0.0365 -0.0747 -0.0690 0.9588 0.9300 0.8834 0.0000 0.0000 0.0000 1.0000 1.0000 1.0000 
00000169 -0.0339 -0.0720 -0.0691 0.9571 0.9280 0.8810 0.0000 0.0000 0.0000 1.0000 1.0000 1.0000 
00000170 -0.0277 -0.0655 -0.0652 0.9546 0.9249 0.8775 0.0000 0.0000 0.0000 1.0000 1.0000 1.0000 
00000171 -0.0238 -0.0610 -0.0632 0.9527 0.9224 0.8746 0.0000 0.0000 0.0000 1.0000 1.0000 1.0000 
00000172 -0.0285 -0.0671 -0.0632 0.9556 0.9263 0.8787 0.0000 0.0000 0.0000 1.0000 1.0000 1.0000 
00000173 -0.0292 -0.0678 -0.0633 0.9558 0.9266 0.8791 0.0000 0.0000 0.0000 1.0000 1.0000 1.0000 
00000174 -0.0122 -0.0493 -0.0564 0.9476 0.9163 0.8678 0.0000 0.0000 0.0000 1.0000 1.0000 1.0000 
00000175 -0.0290 -0.0665 -0.0656 0.9546 0.9249 0.8777 0.0000 0.0000 0.0000 1.0000 1.0000 1.0000 
00000176 0.0008 -0.0361 -0.0477 0.9422 0.9094 0.8604 0.0000 0.0000 0.0000 1.0000 1.0000 1.0000 
00000177 -0.0232 -0.0602 -0.0630 0.9518 0.9212 0.8738 0.0000 0.0000 0.0000 1.0000 1.0000 1.0000 
00000178 -0.0244 -0.0614 -0.0641 0.9524 0.9218 0.8746 0.0000 0.0000 0.0000 1.0000 1.0000 1.0000 
00000179 -0.0259 -0.0634 -0.0646 0.9532 0.9229 0.8756 0.0000 0.0000 0.0000 1.0000 1.0000 1.0000 
00000180 -0.0318 -0.0695 -0.0665 0.9557 0.9264 0.8793 0.0000 0.0000 0.0000 1.0000 1.0000 1.0000 
00000181 -0.0309 -0.0688 -0.0647 0.9559 0.9268 0.8797 0.0000 0.0000 0.0000 1.0000 1.0000 1.0000 
00000182 -0.0275 -0.0658 -0.0586 0.9556 0.9268 0.8796 0.0000 0.0000 0.0000 1.0000 1.0000 1.0000 
00000183 -0.0274 -0.0668 -0.0579 0.9564 0.9277 0.8804 0.0000 0.0000 0.0000 1.0000 1.0000 1.0000 
00000184 -0.0243 -0.0632 -0.0533 0.9555 0.9271 0.8794 0.0000 0.0000 0.0000 1.0000 1.0000 1.0000 
00000185 -0.0208 -0.0599 -0.0490 0.9548 0.9262 0.8786 0.0000 0.0000 0.0000 1.0000 1.0000 1.0000 
00000186 -0.0157 -0.0550 -0.0435 0.9533 0.9249 0.8765 0.0000 0.0000 0.0000 1.0000 1.0000 1.0000 
00000187 -0.0180 -0.0562 -0.0471 0.9531 0.9249 0.8764 0.0000 0.0000 0.0000 1.0000 1.0000 1.0000 
00000188 -0.0250 -0.0618 -0.0551 0.9544 0.9261 0.8784 0.0000 0.0000 0.0000 1.0000 1.0000 1.0000 
00000189 -0.0252 -0.0629 -0.0543 0.9551 0.9269 0.8790 0.0000 0.0000 0.0000 1.0000 1.0000 1.0000 
00000190 -0.0218 -0.0591 -0.0536 0.9534 0.9246 0.8766 0.0000 0.0000 0.0000 1.0000 1.0000 1.0000 
00000191 -0.0130 -0.0487 -0.0517 0.9485 0.9184 0.8698 0.0000 0.0000 0.0000 1.0000 1.0000 1.0000 
00000192 -0.0172 -0.0537 -0.0514 0.9513 0.9217 0.8736 0.0000 0.0000 0.0000 1.0000 1.0000 1.0000 
00000193 -0.0139 -0.0489 -0.0537 0.9483 0.9178 0.8695 0.0000 0.0000 0.0000 1.0000 1.0000 1.0000 
00000194 -0.0130 -0.0475 -0.0546 0.9474 0.9166 0.8682 0.0000 0.0000 0.0000 1.0000 1.0000 1.0000 
00000195 0.0775 0.0437 0.0087 0.9070 0.8684 0.8161 0.0000 0.0000 0.0000 1.0000 1.0000 1.0000 
00000196 0.3571 0.3159 0.2414 0.7351 0.6844 0.6273 0.0000 0.0000 0.0000 1.0000 1.0000 1.0000 
00000197 0.4666 0.4214 0.3431 0.6489 0.5965 0.5404 0.0000 0.0000 0.0000 1.0000 1.0000 1.0000 
00000198 0.6233 0.5734 0.4962 0.5004 0.4497 0.3966 0.0000 0.0000 0.0000 1.0000 1.0000 1.0000 
00000199 0.4625 0.4154 0.3424 0.6578 0.6050 0.5486 0.0000 0.0000 0.0000 1.0000 1.0000 1.0000 
00000200 0.4487 0.4008 0.3311 0.6716 0.6192 0.5620 0.0000 0.0000 0.0000 1.0000 1.0000 1.0000 
00000201 0.5145 0.4652 0.3937 0.6132 0.5610 0.5047 0.0000 0.0000 0.0000 1.0000 1.0000 1.0000 
00000202 0.6111 0.5604 0.4865 0.5168 0.4650 0.4117 0.0000 0.0000 0.0000 1.0000 1.0000 0.0000 
00000203 0.6771 0.6267 0.5533 0.4412 0.3921 0.3409 1.0000 0.0000 0.0000 0.0000 0.0000 0.0000 
00000204 0.6597 0.6090 0.5354 0.4623 0.4122 0.3604 1.0000 0.0000 0.0000 0.0000 0.0000 0.0000 
00000205 0.5629 0.5123 0.4384 0.5673 0.5148 0.4598 0.0000 0.0000 0.0000 0.0000 0.0000 0.0000 
00000206 0.5858 0.5357 0.4592 0.5418 0.4896 0.4356 1.0000 0.0000 0.0000 0.0000 0.0000 0.0000 
00000207 0.5390 0.4895 0.4130 0.5886 0.5353 0.4804 0.0000 0.0000 0.0000 0.0000 0.0000 0.0000 
00000208 0.3440 0.2992 0.2348 0.7535 0.7023 0.6447 0.0000 0.0000 0.0000 1.0000 1.0000 0.0000 
00000209 0.3247 0.2801 0.2190 0.7680 0.7174 0.6597 0.0000 0.0000 0.0000 1.0000 1.0000 1.0000 
00000210 0.2299 0.1874 0.1373 0.8303 0.7832 0.7262 0.0000 0.0000 0.0000 1.0000 1.0000 1.0000 
00000211 0.1964 0.1550 0.1101 0.8503 0.8048 0.7482 0.0000 0.0000 0.0000 1.0000 1.0000 1.0000 
00000212 0.3377 0.2917 0.2314 0.7593 0.7086 0.6500 0.0000 0.0000 0.0000 1.0000 1.0000 1.0000 
00000213 0.3992 0.3511 0.2848 0.7121 0.6602 0.6015 0.0000 0.0000 0.0000 1.0000 1.0000 0.0000 
00000214 0.3677 0.3201 0.2579 0.7378 0.6866 0.6276 0.0000 0.0000 0.0000 1.0000 1.0000 0.0000 
00000215 0.4575 0.4083 0.3378 0.6633 0.6105 0.5529 0.0000 0.0000 0.0000 1.0000 0.0000 0.0000 
00000216 0.3639 0.3185 0.2510 0.7362 0.6843 0.6268 0.0000 0.0000 0.0000 1.0000 1.0000 0.0000 
00000217 0.3239 0.2798 0.2157 0.7655 0.7148 0.6573 0.0000 0.0000 0.0000 1.0000 0.0000 0.0000 
00000218 0.3226 0.2786 0.2150 0.7662 0.7153 0.6582 0.0000 0.0000 0.0000 1.0000 0.0000 0.0000 
00000219 0.4050 0.3563 0.2938 0.7097 0.6578 0.5995 0.0000 0.0000 0.0000 1.0000 0.0000 0.0000 
00000220 0.0871 0.0465 0.0233 0.9086 0.8697 0.8165 0.0000 0.0000 0.0000 1.0000 1.0000 1.0000 
00000221 0.1112 0.0696 0.0436 0.8976 0.8574 0.8031 0.0000 0.0000 0.0000 1.0000 1.0000 1.0000 
00000222 0.3179 0.2706 0.2159 0.7751 0.7253 0.6667 0.0000 0.0000 0.0000 1.0000 1.0000 1.0000 
00000223 0.6105 0.5590 0.4834 0.5142 0.4635 0.4091 1.0000 0.0000 0.0000 0.0000 0.0000 0.0000 
00000224 0.5347 0.4873 0.4046 0.5857 0.5323 0.4776 0.0000 0.0000 0.0000 0.0000 0.0000 0.0000 
00000225 0.5899 0.5432 0.4573 0.5273 0.4756 0.4229 1.0000 1.0000 0.0000 0.0000 0.0000 0.0000 
